[debug] [2018-06-12T23:29:01.385Z] ----------------------------------------------------------------------
[debug] [2018-06-12T23:29:01.387Z] Command:       /usr/bin/node /home/node/.npm-global/bin/firebase serve
[debug] [2018-06-12T23:29:01.387Z] CLI Version:   3.18.6
[debug] [2018-06-12T23:29:01.387Z] Platform:      linux
[debug] [2018-06-12T23:29:01.388Z] Node Version:  v10.4.0
[debug] [2018-06-12T23:29:01.388Z] Time:          Wed Jun 13 2018 02:29:01 GMT+0300 (GMT+03:00)
[debug] [2018-06-12T23:29:01.388Z] ----------------------------------------------------------------------
[debug] 
[debug] [2018-06-12T23:29:01.397Z] > command requires scopes: ["email","openid","https://www.googleapis.com/auth/cloudplatformprojects.readonly","https://www.googleapis.com/auth/firebase","https://www.googleapis.com/auth/cloud-platform"]
[debug] [2018-06-12T23:29:01.397Z] > authorizing via signed-in user
[debug] [2018-06-12T23:29:01.399Z] >>> HTTP REQUEST GET https://admin.firebase.com/v1/projects/tantr-mantr  
  
 Wed Jun 13 2018 02:29:01 GMT+0300 (GMT+03:00)
[debug] [2018-06-12T23:29:02.362Z] <<< HTTP RESPONSE 200
[debug] [2018-06-12T23:29:02.363Z] >>> HTTP REQUEST GET https://admin.firebase.com/v1/database/tantr-mantr/tokens  
  
 Wed Jun 13 2018 02:29:02 GMT+0300 (GMT+03:00)
[debug] [2018-06-12T23:29:03.191Z] <<< HTTP RESPONSE 200
[debug] [2018-06-12T23:29:03.192Z] >>> HTTP REQUEST GET https://cloudresourcemanager.googleapis.com/v1/projects/tantr-mantr  
  
 Wed Jun 13 2018 02:29:03 GMT+0300 (GMT+03:00)
[debug] [2018-06-12T23:29:04.312Z] <<< HTTP RESPONSE 200
[info] 
[info] === Serving from '/home/node/WebstormProjects/fire-mantr'...
[info] 
[info] i  functions: Preparing to emulate functions.
[debug] [2018-06-12T23:29:06.538Z] Fetching environment
[debug] [2018-06-12T23:29:06.542Z] >>> HTTP REQUEST GET https://mobilesdk-pa.googleapis.com/v1/projects/223788506272:getServerAppConfig  
  
 Wed Jun 13 2018 02:29:06 GMT+0300 (GMT+03:00)
[debug] [2018-06-12T23:29:06.543Z] >>> HTTP REQUEST GET https://mobilesdk-pa.googleapis.com/v1/projects/223788506272/clients/_:getWebAppConfig  
  
 Wed Jun 13 2018 02:29:06 GMT+0300 (GMT+03:00)
[debug] [2018-06-12T23:29:07.351Z] <<< HTTP RESPONSE 200
[debug] [2018-06-12T23:29:07.352Z] Starting @google-cloud/functions-emulator
[debug] [2018-06-12T23:29:07.433Z] <<< HTTP RESPONSE 200
[info] i  hosting: Serving hosting files from: public
[info] ✔  hosting: Local server: http://localhost:5000

[debug] [2018-06-12T23:29:09.538Z] Parsing function triggers
[info] i  functions: No HTTPS functions found. Use firebase functions:shell if you would like to emulate other types of functions.
